<?xml version="1.0" encoding="UTF-8"?>
<testng-results ignored="0" total="1" passed="1" failed="0" skipped="0">
  <reporter-output>
  </reporter-output>
  <suite started-at="2022-02-04T11:16:25 WIB" name="Default suite" finished-at="2022-02-04T11:16:38 WIB" duration-ms="13577">
    <groups>
    </groups>
    <test started-at="2022-02-04T11:16:25 WIB" name="Default test" finished-at="2022-02-04T11:16:38 WIB" duration-ms="13577">
      <class name="com.juaracoding.gist.glue.StepDefinition">
        <test-method is-config="true" signature="springTestContextBeforeTestClass()[pri:0, instance:com.juaracoding.gist.glue.StepDefinition@609bcfb6]" started-at="2022-02-04T11:16:25 WIB" name="springTestContextBeforeTestClass" finished-at="2022-02-04T11:16:25 WIB" duration-ms="16" status="PASS">
          <reporter-output>
          </reporter-output>
        </test-method> <!-- springTestContextBeforeTestClass -->
        <test-method is-config="true" signature="springTestContextPrepareTestInstance()[pri:0, instance:com.juaracoding.gist.glue.StepDefinition@609bcfb6]" started-at="2022-02-04T11:16:25 WIB" name="springTestContextPrepareTestInstance" finished-at="2022-02-04T11:16:25 WIB" depends-on-methods="org.springframework.test.context.testng.AbstractTestNGSpringContextTests.springTestContextBeforeTestClass" duration-ms="549" status="PASS">
          <reporter-output>
          </reporter-output>
        </test-method> <!-- springTestContextPrepareTestInstance -->
        <test-method is-config="true" signature="springTestContextBeforeTestMethod(java.lang.reflect.Method)[pri:0, instance:com.juaracoding.gist.glue.StepDefinition@609bcfb6]" started-at="2022-02-04T11:16:25 WIB" name="springTestContextBeforeTestMethod" finished-at="2022-02-04T11:16:25 WIB" duration-ms="6" status="PASS">
          <params>
            <param index="0">
              <value>
                <![CDATA[public void com.juaracoding.gist.glue.StepDefinition.LoginGist()]]>
              </value>
            </param>
          </params>
          <reporter-output>
          </reporter-output>
        </test-method> <!-- springTestContextBeforeTestMethod -->
        <test-method signature="LoginGist()[pri:0, instance:com.juaracoding.gist.glue.StepDefinition@609bcfb6]" started-at="2022-02-04T11:16:25 WIB" name="LoginGist" finished-at="2022-02-04T11:16:38 WIB" duration-ms="12936" status="PASS">
          <reporter-output>
          </reporter-output>
        </test-method> <!-- LoginGist -->
        <test-method is-config="true" signature="springTestContextAfterTestMethod(java.lang.reflect.Method)[pri:0, instance:com.juaracoding.gist.glue.StepDefinition@609bcfb6]" started-at="2022-02-04T11:16:38 WIB" name="springTestContextAfterTestMethod" finished-at="2022-02-04T11:16:38 WIB" duration-ms="6" status="PASS">
          <params>
            <param index="0">
              <value>
                <![CDATA[public void com.juaracoding.gist.glue.StepDefinition.LoginGist()]]>
              </value>
            </param>
          </params>
          <reporter-output>
          </reporter-output>
        </test-method> <!-- springTestContextAfterTestMethod -->
        <test-method is-config="true" signature="springTestContextAfterTestClass()[pri:0, instance:com.juaracoding.gist.glue.StepDefinition@609bcfb6]" started-at="2022-02-04T11:16:38 WIB" name="springTestContextAfterTestClass" finished-at="2022-02-04T11:16:38 WIB" duration-ms="2" status="PASS">
          <reporter-output>
          </reporter-output>
        </test-method> <!-- springTestContextAfterTestClass -->
      </class> <!-- com.juaracoding.gist.glue.StepDefinition -->
    </test> <!-- Default test -->
  </suite> <!-- Default suite -->
</testng-results>
